[ 2017-06-04T19:08:15+08:00 ] 0.0.0.0 /
INFO: [ app_begin ] --START--
INFO: ReadHtmlCache Behavior ::run [ RunTime:0.000786s ]
INFO: [ app_begin ] --END-- [ RunTime:0.002759s ]
INFO: [ view_parse ] --START--
NOTIC: [2] preg_replace(): The /e modifier is no longer supported, use preg_replace_callback instead /Users/chenchenghao/Downloads/PHP/TP3/ThinkPHP/Lib/Template/ThinkTemplate.class.php 第 273 行.
NOTIC: [2] preg_replace(): The /e modifier is no longer supported, use preg_replace_callback instead /Users/chenchenghao/Downloads/PHP/TP3/ThinkPHP/Lib/Template/ThinkTemplate.class.php 第 168 行.
NOTIC: [2] preg_replace(): The /e modifier is no longer supported, use preg_replace_callback instead /Users/chenchenghao/Downloads/PHP/TP3/ThinkPHP/Lib/Template/ThinkTemplate.class.php 第 404 行.
NOTIC: [2] preg_replace(): The /e modifier is no longer supported, use preg_replace_callback instead /Users/chenchenghao/Downloads/PHP/TP3/ThinkPHP/Lib/Template/ThinkTemplate.class.php 第 404 行.
NOTIC: [2] preg_replace(): The /e modifier is no longer supported, use preg_replace_callback instead /Users/chenchenghao/Downloads/PHP/TP3/ThinkPHP/Lib/Template/ThinkTemplate.class.php 第 404 行.
NOTIC: [2] preg_replace(): The /e modifier is no longer supported, use preg_replace_callback instead /Users/chenchenghao/Downloads/PHP/TP3/ThinkPHP/Lib/Template/ThinkTemplate.class.php 第 404 行.
NOTIC: [2] preg_replace(): The /e modifier is no longer supported, use preg_replace_callback instead /Users/chenchenghao/Downloads/PHP/TP3/ThinkPHP/Lib/Template/ThinkTemplate.class.php 第 404 行.
NOTIC: [2] preg_replace(): The /e modifier is no longer supported, use preg_replace_callback instead /Users/chenchenghao/Downloads/PHP/TP3/ThinkPHP/Lib/Template/ThinkTemplate.class.php 第 404 行.
NOTIC: [2] preg_replace(): The /e modifier is no longer supported, use preg_replace_callback instead /Users/chenchenghao/Downloads/PHP/TP3/ThinkPHP/Lib/Template/ThinkTemplate.class.php 第 404 行.
NOTIC: [2] preg_replace(): The /e modifier is no longer supported, use preg_replace_callback instead /Users/chenchenghao/Downloads/PHP/TP3/ThinkPHP/Lib/Template/ThinkTemplate.class.php 第 404 行.
NOTIC: [2] preg_replace(): The /e modifier is no longer supported, use preg_replace_callback instead /Users/chenchenghao/Downloads/PHP/TP3/ThinkPHP/Lib/Template/ThinkTemplate.class.php 第 404 行.
NOTIC: [2] preg_replace(): The /e modifier is no longer supported, use preg_replace_callback instead /Users/chenchenghao/Downloads/PHP/TP3/ThinkPHP/Lib/Template/ThinkTemplate.class.php 第 404 行.
NOTIC: [2] preg_replace(): The /e modifier is no longer supported, use preg_replace_callback instead /Users/chenchenghao/Downloads/PHP/TP3/ThinkPHP/Lib/Template/ThinkTemplate.class.php 第 404 行.
NOTIC: [2] preg_replace(): The /e modifier is no longer supported, use preg_replace_callback instead /Users/chenchenghao/Downloads/PHP/TP3/ThinkPHP/Lib/Template/ThinkTemplate.class.php 第 404 行.
NOTIC: [2] preg_replace(): The /e modifier is no longer supported, use preg_replace_callback instead /Users/chenchenghao/Downloads/PHP/TP3/ThinkPHP/Lib/Template/ThinkTemplate.class.php 第 399 行.
NOTIC: [2] preg_replace(): The /e modifier is no longer supported, use preg_replace_callback instead /Users/chenchenghao/Downloads/PHP/TP3/ThinkPHP/Lib/Template/ThinkTemplate.class.php 第 399 行.
NOTIC: [2] preg_replace(): The /e modifier is no longer supported, use preg_replace_callback instead /Users/chenchenghao/Downloads/PHP/TP3/ThinkPHP/Lib/Template/ThinkTemplate.class.php 第 404 行.
NOTIC: [2] preg_replace(): The /e modifier is no longer supported, use preg_replace_callback instead /Users/chenchenghao/Downloads/PHP/TP3/ThinkPHP/Lib/Template/ThinkTemplate.class.php 第 404 行.
NOTIC: [2] preg_replace(): The /e modifier is no longer supported, use preg_replace_callback instead /Users/chenchenghao/Downloads/PHP/TP3/ThinkPHP/Lib/Template/ThinkTemplate.class.php 第 404 行.
NOTIC: [2] preg_replace(): The /e modifier is no longer supported, use preg_replace_callback instead /Users/chenchenghao/Downloads/PHP/TP3/ThinkPHP/Lib/Template/ThinkTemplate.class.php 第 399 行.
NOTIC: [2] preg_replace(): The /e modifier is no longer supported, use preg_replace_callback instead /Users/chenchenghao/Downloads/PHP/TP3/ThinkPHP/Lib/Template/ThinkTemplate.class.php 第 404 行.
NOTIC: [2] preg_replace(): The /e modifier is no longer supported, use preg_replace_callback instead /Users/chenchenghao/Downloads/PHP/TP3/ThinkPHP/Lib/Template/ThinkTemplate.class.php 第 404 行.
NOTIC: [2] preg_replace(): The /e modifier is no longer supported, use preg_replace_callback instead /Users/chenchenghao/Downloads/PHP/TP3/ThinkPHP/Lib/Template/ThinkTemplate.class.php 第 404 行.
NOTIC: [2] preg_replace(): The /e modifier is no longer supported, use preg_replace_callback instead /Users/chenchenghao/Downloads/PHP/TP3/ThinkPHP/Lib/Template/ThinkTemplate.class.php 第 404 行.
NOTIC: [2] preg_replace(): The /e modifier is no longer supported, use preg_replace_callback instead /Users/chenchenghao/Downloads/PHP/TP3/ThinkPHP/Lib/Template/ThinkTemplate.class.php 第 404 行.
NOTIC: [2] preg_replace(): The /e modifier is no longer supported, use preg_replace_callback instead /Users/chenchenghao/Downloads/PHP/TP3/ThinkPHP/Lib/Template/ThinkTemplate.class.php 第 404 行.
NOTIC: [2] preg_replace(): The /e modifier is no longer supported, use preg_replace_callback instead /Users/chenchenghao/Downloads/PHP/TP3/ThinkPHP/Lib/Template/ThinkTemplate.class.php 第 404 行.
NOTIC: [2] preg_replace(): The /e modifier is no longer supported, use preg_replace_callback instead /Users/chenchenghao/Downloads/PHP/TP3/ThinkPHP/Lib/Template/ThinkTemplate.class.php 第 404 行.
NOTIC: [2] preg_replace(): The /e modifier is no longer supported, use preg_replace_callback instead /Users/chenchenghao/Downloads/PHP/TP3/ThinkPHP/Lib/Template/ThinkTemplate.class.php 第 404 行.
NOTIC: [2] preg_replace(): The /e modifier is no longer supported, use preg_replace_callback instead /Users/chenchenghao/Downloads/PHP/TP3/ThinkPHP/Lib/Template/ThinkTemplate.class.php 第 404 行.
NOTIC: [2] preg_replace(): The /e modifier is no longer supported, use preg_replace_callback instead /Users/chenchenghao/Downloads/PHP/TP3/ThinkPHP/Lib/Template/ThinkTemplate.class.php 第 404 行.
NOTIC: [2] preg_replace(): The /e modifier is no longer supported, use preg_replace_callback instead /Users/chenchenghao/Downloads/PHP/TP3/ThinkPHP/Lib/Template/ThinkTemplate.class.php 第 404 行.
NOTIC: [2] preg_replace(): The /e modifier is no longer supported, use preg_replace_callback instead /Users/chenchenghao/Downloads/PHP/TP3/ThinkPHP/Lib/Template/ThinkTemplate.class.php 第 404 行.
NOTIC: [2] preg_replace(): The /e modifier is no longer supported, use preg_replace_callback instead /Users/chenchenghao/Downloads/PHP/TP3/ThinkPHP/Lib/Template/ThinkTemplate.class.php 第 404 行.
NOTIC: [2] preg_replace(): The /e modifier is no longer supported, use preg_replace_callback instead /Users/chenchenghao/Downloads/PHP/TP3/ThinkPHP/Lib/Template/ThinkTemplate.class.php 第 404 行.
NOTIC: [2] preg_replace(): The /e modifier is no longer supported, use preg_replace_callback instead /Users/chenchenghao/Downloads/PHP/TP3/ThinkPHP/Lib/Template/ThinkTemplate.class.php 第 404 行.
NOTIC: [2] preg_replace(): The /e modifier is no longer supported, use preg_replace_callback instead /Users/chenchenghao/Downloads/PHP/TP3/ThinkPHP/Lib/Template/ThinkTemplate.class.php 第 404 行.
NOTIC: [2] preg_replace(): The /e modifier is no longer supported, use preg_replace_callback instead /Users/chenchenghao/Downloads/PHP/TP3/ThinkPHP/Lib/Template/ThinkTemplate.class.php 第 404 行.
NOTIC: [2] preg_replace(): The /e modifier is no longer supported, use preg_replace_callback instead /Users/chenchenghao/Downloads/PHP/TP3/ThinkPHP/Lib/Template/ThinkTemplate.class.php 第 404 行.
NOTIC: [2] preg_replace(): The /e modifier is no longer supported, use preg_replace_callback instead /Users/chenchenghao/Downloads/PHP/TP3/ThinkPHP/Lib/Template/ThinkTemplate.class.php 第 404 行.
NOTIC: [2] preg_replace(): The /e modifier is no longer supported, use preg_replace_callback instead /Users/chenchenghao/Downloads/PHP/TP3/ThinkPHP/Lib/Template/ThinkTemplate.class.php 第 404 行.
NOTIC: [2] preg_replace(): The /e modifier is no longer supported, use preg_replace_callback instead /Users/chenchenghao/Downloads/PHP/TP3/ThinkPHP/Lib/Template/ThinkTemplate.class.php 第 404 行.
NOTIC: [2] preg_replace(): The /e modifier is no longer supported, use preg_replace_callback instead /Users/chenchenghao/Downloads/PHP/TP3/ThinkPHP/Lib/Template/ThinkTemplate.class.php 第 404 行.
NOTIC: [2] preg_replace(): The /e modifier is no longer supported, use preg_replace_callback instead /Users/chenchenghao/Downloads/PHP/TP3/ThinkPHP/Lib/Template/ThinkTemplate.class.php 第 404 行.
NOTIC: [2] preg_replace(): The /e modifier is no longer supported, use preg_replace_callback instead /Users/chenchenghao/Downloads/PHP/TP3/ThinkPHP/Lib/Template/ThinkTemplate.class.php 第 404 行.
NOTIC: [2] preg_replace(): The /e modifier is no longer supported, use preg_replace_callback instead /Users/chenchenghao/Downloads/PHP/TP3/ThinkPHP/Lib/Template/ThinkTemplate.class.php 第 404 行.
NOTIC: [2] preg_replace(): The /e modifier is no longer supported, use preg_replace_callback instead /Users/chenchenghao/Downloads/PHP/TP3/ThinkPHP/Lib/Template/ThinkTemplate.class.php 第 404 行.
NOTIC: [2] preg_replace(): The /e modifier is no longer supported, use preg_replace_callback instead /Users/chenchenghao/Downloads/PHP/TP3/ThinkPHP/Lib/Template/ThinkTemplate.class.php 第 404 行.
NOTIC: [2] preg_replace(): The /e modifier is no longer supported, use preg_replace_callback instead /Users/chenchenghao/Downloads/PHP/TP3/ThinkPHP/Lib/Template/ThinkTemplate.class.php 第 404 行.
NOTIC: [2] preg_replace(): The /e modifier is no longer supported, use preg_replace_callback instead /Users/chenchenghao/Downloads/PHP/TP3/ThinkPHP/Lib/Template/ThinkTemplate.class.php 第 404 行.
NOTIC: [2] preg_replace(): The /e modifier is no longer supported, use preg_replace_callback instead /Users/chenchenghao/Downloads/PHP/TP3/ThinkPHP/Lib/Template/ThinkTemplate.class.php 第 404 行.
NOTIC: [2] preg_replace(): The /e modifier is no longer supported, use preg_replace_callback instead /Users/chenchenghao/Downloads/PHP/TP3/ThinkPHP/Lib/Template/ThinkTemplate.class.php 第 404 行.
NOTIC: [2] preg_replace(): The /e modifier is no longer supported, use preg_replace_callback instead /Users/chenchenghao/Downloads/PHP/TP3/ThinkPHP/Lib/Template/ThinkTemplate.class.php 第 404 行.
NOTIC: [2] preg_replace(): The /e modifier is no longer supported, use preg_replace_callback instead /Users/chenchenghao/Downloads/PHP/TP3/ThinkPHP/Lib/Template/ThinkTemplate.class.php 第 404 行.
NOTIC: [2] preg_replace(): The /e modifier is no longer supported, use preg_replace_callback instead /Users/chenchenghao/Downloads/PHP/TP3/ThinkPHP/Lib/Template/ThinkTemplate.class.php 第 404 行.
NOTIC: [2] preg_replace(): The /e modifier is no longer supported, use preg_replace_callback instead /Users/chenchenghao/Downloads/PHP/TP3/ThinkPHP/Lib/Template/ThinkTemplate.class.php 第 404 行.
NOTIC: [2] preg_replace(): The /e modifier is no longer supported, use preg_replace_callback instead /Users/chenchenghao/Downloads/PHP/TP3/ThinkPHP/Lib/Template/ThinkTemplate.class.php 第 404 行.
NOTIC: [2] preg_replace(): The /e modifier is no longer supported, use preg_replace_callback instead /Users/chenchenghao/Downloads/PHP/TP3/ThinkPHP/Lib/Template/ThinkTemplate.class.php 第 404 行.
NOTIC: [2] preg_replace(): The /e modifier is no longer supported, use preg_replace_callback instead /Users/chenchenghao/Downloads/PHP/TP3/ThinkPHP/Lib/Template/ThinkTemplate.class.php 第 404 行.
NOTIC: [2] preg_replace(): The /e modifier is no longer supported, use preg_replace_callback instead /Users/chenchenghao/Downloads/PHP/TP3/ThinkPHP/Lib/Template/ThinkTemplate.class.php 第 404 行.
NOTIC: [2] preg_replace(): The /e modifier is no longer supported, use preg_replace_callback instead /Users/chenchenghao/Downloads/PHP/TP3/ThinkPHP/Lib/Template/ThinkTemplate.class.php 第 404 行.
NOTIC: [2] preg_replace(): The /e modifier is no longer supported, use preg_replace_callback instead /Users/chenchenghao/Downloads/PHP/TP3/ThinkPHP/Lib/Template/ThinkTemplate.class.php 第 404 行.
NOTIC: [2] preg_replace(): The /e modifier is no longer supported, use preg_replace_callback instead /Users/chenchenghao/Downloads/PHP/TP3/ThinkPHP/Lib/Template/ThinkTemplate.class.php 第 404 行.
NOTIC: [2] preg_replace(): The /e modifier is no longer supported, use preg_replace_callback instead /Users/chenchenghao/Downloads/PHP/TP3/ThinkPHP/Lib/Template/ThinkTemplate.class.php 第 404 行.
NOTIC: [2] preg_replace(): The /e modifier is no longer supported, use preg_replace_callback instead /Users/chenchenghao/Downloads/PHP/TP3/ThinkPHP/Lib/Template/ThinkTemplate.class.php 第 404 行.
NOTIC: [2] preg_replace(): The /e modifier is no longer supported, use preg_replace_callback instead /Users/chenchenghao/Downloads/PHP/TP3/ThinkPHP/Lib/Template/ThinkTemplate.class.php 第 404 行.
NOTIC: [2] preg_replace(): The /e modifier is no longer supported, use preg_replace_callback instead /Users/chenchenghao/Downloads/PHP/TP3/ThinkPHP/Lib/Template/ThinkTemplate.class.php 第 404 行.
NOTIC: [2] preg_replace(): The /e modifier is no longer supported, use preg_replace_callback instead /Users/chenchenghao/Downloads/PHP/TP3/ThinkPHP/Lib/Template/ThinkTemplate.class.php 第 404 行.
NOTIC: [2] preg_replace(): The /e modifier is no longer supported, use preg_replace_callback instead /Users/chenchenghao/Downloads/PHP/TP3/ThinkPHP/Lib/Template/ThinkTemplate.class.php 第 404 行.
NOTIC: [2] preg_replace(): The /e modifier is no longer supported, use preg_replace_callback instead /Users/chenchenghao/Downloads/PHP/TP3/ThinkPHP/Lib/Template/ThinkTemplate.class.php 第 404 行.
NOTIC: [2] preg_replace(): The /e modifier is no longer supported, use preg_replace_callback instead /Users/chenchenghao/Downloads/PHP/TP3/ThinkPHP/Lib/Template/ThinkTemplate.class.php 第 404 行.
NOTIC: [2] preg_replace(): The /e modifier is no longer supported, use preg_replace_callback instead /Users/chenchenghao/Downloads/PHP/TP3/ThinkPHP/Lib/Template/ThinkTemplate.class.php 第 404 行.
NOTIC: [2] preg_replace(): The /e modifier is no longer supported, use preg_replace_callback instead /Users/chenchenghao/Downloads/PHP/TP3/ThinkPHP/Lib/Template/ThinkTemplate.class.php 第 404 行.
NOTIC: [2] preg_replace(): The /e modifier is no longer supported, use preg_replace_callback instead /Users/chenchenghao/Downloads/PHP/TP3/ThinkPHP/Lib/Template/ThinkTemplate.class.php 第 404 行.
NOTIC: [2] preg_replace(): The /e modifier is no longer supported, use preg_replace_callback instead /Users/chenchenghao/Downloads/PHP/TP3/ThinkPHP/Lib/Template/ThinkTemplate.class.php 第 404 行.
NOTIC: [2] preg_replace(): The /e modifier is no longer supported, use preg_replace_callback instead /Users/chenchenghao/Downloads/PHP/TP3/ThinkPHP/Lib/Template/ThinkTemplate.class.php 第 404 行.
NOTIC: [2] preg_replace(): The /e modifier is no longer supported, use preg_replace_callback instead /Users/chenchenghao/Downloads/PHP/TP3/ThinkPHP/Lib/Template/ThinkTemplate.class.php 第 404 行.
NOTIC: [2] preg_replace(): The /e modifier is no longer supported, use preg_replace_callback instead /Users/chenchenghao/Downloads/PHP/TP3/ThinkPHP/Lib/Template/ThinkTemplate.class.php 第 404 行.
NOTIC: [2] preg_replace(): The /e modifier is no longer supported, use preg_replace_callback instead /Users/chenchenghao/Downloads/PHP/TP3/ThinkPHP/Lib/Template/ThinkTemplate.class.php 第 404 行.
NOTIC: [2] preg_replace(): The /e modifier is no longer supported, use preg_replace_callback instead /Users/chenchenghao/Downloads/PHP/TP3/ThinkPHP/Lib/Template/ThinkTemplate.class.php 第 404 行.
NOTIC: [2] preg_replace(): The /e modifier is no longer supported, use preg_replace_callback instead /Users/chenchenghao/Downloads/PHP/TP3/ThinkPHP/Lib/Template/ThinkTemplate.class.php 第 404 行.
NOTIC: [2] preg_replace(): The /e modifier is no longer supported, use preg_replace_callback instead /Users/chenchenghao/Downloads/PHP/TP3/ThinkPHP/Lib/Template/ThinkTemplate.class.php 第 404 行.
NOTIC: [2] preg_replace(): The /e modifier is no longer supported, use preg_replace_callback instead /Users/chenchenghao/Downloads/PHP/TP3/ThinkPHP/Lib/Template/ThinkTemplate.class.php 第 404 行.
NOTIC: [2] preg_replace(): The /e modifier is no longer supported, use preg_replace_callback instead /Users/chenchenghao/Downloads/PHP/TP3/ThinkPHP/Lib/Template/ThinkTemplate.class.php 第 404 行.
NOTIC: [2] preg_replace(): The /e modifier is no longer supported, use preg_replace_callback instead /Users/chenchenghao/Downloads/PHP/TP3/ThinkPHP/Lib/Template/ThinkTemplate.class.php 第 404 行.
NOTIC: [2] preg_replace(): The /e modifier is no longer supported, use preg_replace_callback instead /Users/chenchenghao/Downloads/PHP/TP3/ThinkPHP/Lib/Template/ThinkTemplate.class.php 第 404 行.
NOTIC: [2] preg_replace(): The /e modifier is no longer supported, use preg_replace_callback instead /Users/chenchenghao/Downloads/PHP/TP3/ThinkPHP/Lib/Template/ThinkTemplate.class.php 第 399 行.
NOTIC: [2] preg_replace(): The /e modifier is no longer supported, use preg_replace_callback instead /Users/chenchenghao/Downloads/PHP/TP3/ThinkPHP/Lib/Template/ThinkTemplate.class.php 第 399 行.
NOTIC: [2] preg_replace(): The /e modifier is no longer supported, use preg_replace_callback instead /Users/chenchenghao/Downloads/PHP/TP3/ThinkPHP/Lib/Template/ThinkTemplate.class.php 第 399 行.
NOTIC: [2] preg_replace(): The /e modifier is no longer supported, use preg_replace_callback instead /Users/chenchenghao/Downloads/PHP/TP3/ThinkPHP/Lib/Template/ThinkTemplate.class.php 第 399 行.
NOTIC: [2] preg_replace(): The /e modifier is no longer supported, use preg_replace_callback instead /Users/chenchenghao/Downloads/PHP/TP3/ThinkPHP/Lib/Template/ThinkTemplate.class.php 第 399 行.
NOTIC: [2] preg_replace(): The /e modifier is no longer supported, use preg_replace_callback instead /Users/chenchenghao/Downloads/PHP/TP3/ThinkPHP/Lib/Template/ThinkTemplate.class.php 第 399 行.
NOTIC: [2] preg_replace(): The /e modifier is no longer supported, use preg_replace_callback instead /Users/chenchenghao/Downloads/PHP/TP3/ThinkPHP/Lib/Template/ThinkTemplate.class.php 第 404 行.
NOTIC: [2] preg_replace(): The /e modifier is no longer supported, use preg_replace_callback instead /Users/chenchenghao/Downloads/PHP/TP3/ThinkPHP/Lib/Template/ThinkTemplate.class.php 第 404 行.
NOTIC: [2] preg_replace(): The /e modifier is no longer supported, use preg_replace_callback instead /Users/chenchenghao/Downloads/PHP/TP3/ThinkPHP/Lib/Template/ThinkTemplate.class.php 第 404 行.
NOTIC: [2] preg_replace(): The /e modifier is no longer supported, use preg_replace_callback instead /Users/chenchenghao/Downloads/PHP/TP3/ThinkPHP/Lib/Template/ThinkTemplate.class.php 第 197 行.
NOTIC: [2] preg_replace(): The /e modifier is no longer supported, use preg_replace_callback instead /Users/chenchenghao/Downloads/PHP/TP3/ThinkPHP/Lib/Template/ThinkTemplate.class.php 第 137 行.
INFO: ParseTemplate Behavior ::run [ RunTime:0.012491s ]
INFO: [ view_parse ] --END-- [ RunTime:0.012578s ]
INFO: [ view_filter ] --START--
NOTIC: [8] Use of undefined constant APP_TMPL_PATH - assumed 'APP_TMPL_PATH' /Users/chenchenghao/Downloads/PHP/TP3/ThinkPHP/Lib/Behavior/ContentReplaceBehavior.class.php 第 40 行.
NOTIC: [8] Use of undefined constant APP_TMPL_PATH - assumed 'APP_TMPL_PATH' /Users/chenchenghao/Downloads/PHP/TP3/ThinkPHP/Lib/Behavior/ContentReplaceBehavior.class.php 第 47 行.
INFO: ContentReplace Behavior ::run [ RunTime:0.000434s ]
INFO: TokenBuild Behavior ::run [ RunTime:0.000316s ]
INFO: WriteHtmlCache Behavior ::run [ RunTime:0.000150s ]
INFO: ShowRuntime Behavior ::run [ RunTime:0.000250s ]
INFO: [ view_filter ] --END-- [ RunTime:0.001271s ]
INFO: [ view_end ] --START--
INFO: ShowPageTrace Behavior ::run [ RunTime:0.000415s ]
INFO: [ view_end ] --END-- [ RunTime:0.000446s ]

[ 2017-06-04T19:08:29+08:00 ] 0.0.0.0 /
INFO: [ app_begin ] --START--
INFO: ReadHtmlCache Behavior ::run [ RunTime:0.000388s ]
INFO: [ app_begin ] --END-- [ RunTime:0.000462s ]
INFO: [ view_parse ] --START--
INFO: ParseTemplate Behavior ::run [ RunTime:0.000547s ]
INFO: [ view_parse ] --END-- [ RunTime:0.000592s ]
INFO: [ view_filter ] --START--
NOTIC: [8] Use of undefined constant APP_TMPL_PATH - assumed 'APP_TMPL_PATH' /Users/chenchenghao/Downloads/PHP/TP3/ThinkPHP/Lib/Behavior/ContentReplaceBehavior.class.php 第 40 行.
NOTIC: [8] Use of undefined constant APP_TMPL_PATH - assumed 'APP_TMPL_PATH' /Users/chenchenghao/Downloads/PHP/TP3/ThinkPHP/Lib/Behavior/ContentReplaceBehavior.class.php 第 47 行.
INFO: ContentReplace Behavior ::run [ RunTime:0.000234s ]
INFO: TokenBuild Behavior ::run [ RunTime:0.000210s ]
INFO: WriteHtmlCache Behavior ::run [ RunTime:0.000128s ]
INFO: ShowRuntime Behavior ::run [ RunTime:0.000256s ]
INFO: [ view_filter ] --END-- [ RunTime:0.000914s ]
INFO: [ view_end ] --START--
INFO: ShowPageTrace Behavior ::run [ RunTime:0.000447s ]
INFO: [ view_end ] --END-- [ RunTime:0.000479s ]

[ 2017-06-04T19:09:21+08:00 ] 0.0.0.0 /
INFO: [ app_begin ] --START--
INFO: ReadHtmlCache Behavior ::run [ RunTime:0.001084s ]
INFO: [ app_begin ] --END-- [ RunTime:0.001296s ]

[ 2017-06-04T19:45:58+08:00 ] 0.0.0.0 /index.php/index/login
ERR: 系统不支持:mysql

